[debug] [2022-04-25T10:54:58.729Z] ----------------------------------------------------------------------
[debug] [2022-04-25T10:54:58.730Z] Command:       C:\Program Files\nodejs\node.exe C:\Users\aknr1\AppData\Roaming\npm\node_modules\firebase-tools\lib\bin\firebase.js emulators:start --import=./data
[debug] [2022-04-25T10:54:58.731Z] CLI Version:   10.0.1
[debug] [2022-04-25T10:54:58.731Z] Platform:      win32
[debug] [2022-04-25T10:54:58.731Z] Node Version:  v16.13.1
[debug] [2022-04-25T10:54:58.733Z] Time:          Mon Apr 25 2022 19:54:58 GMT+0900 (Japan Standard Time)
[debug] [2022-04-25T10:54:58.733Z] ----------------------------------------------------------------------
[debug] 
[debug] [2022-04-25T10:54:58.736Z] >>> [apiv2][query] GET https://firebase-public.firebaseio.com/cli.json [none]
[debug] [2022-04-25T10:54:58.824Z] > command requires scopes: ["email","openid","https://www.googleapis.com/auth/cloudplatformprojects.readonly","https://www.googleapis.com/auth/firebase","https://www.googleapis.com/auth/cloud-platform"]
[debug] [2022-04-25T10:54:58.825Z] > authorizing via signed-in user (aki10.working@gmail.com)
[info] i  emulators: Starting emulators: auth, functions, firestore, storage {"metadata":{"emulator":{"name":"hub"},"message":"Starting emulators: auth, functions, firestore, storage"}}
[debug] [2022-04-25T10:54:58.860Z] [hub] writing locator at C:\Users\aknr1\AppData\Local\Temp\hub-smart-component.json
[warn] !  functions: The following emulators are not running, calls to these services from the Functions emulator will affect production: database, hosting, pubsub {"metadata":{"emulator":{"name":"functions"},"message":"The following emulators are not running, calls to these services from the Functions emulator will affect production: \u001b[1mdatabase, hosting, pubsub\u001b[22m"}}
[info] +  functions: Using node@16 from host. {"metadata":{"emulator":{"name":"functions"},"message":"Using node@16 from host."}}
[debug] [2022-04-25T10:54:58.891Z] defaultcredentials: writing to file C:\Users\aknr1\AppData\Roaming\firebase\aki10_working_gmail.com_application_default_credentials.json
[debug] [2022-04-25T10:54:58.895Z] Setting GAC to C:\Users\aknr1\AppData\Roaming\firebase\aki10_working_gmail.com_application_default_credentials.json {"metadata":{"emulator":{"name":"functions"},"message":"Setting GAC to C:\\Users\\aknr1\\AppData\\Roaming\\firebase\\aki10_working_gmail.com_application_default_credentials.json"}}
[debug] [2022-04-25T10:54:58.897Z] > refreshing access token with scopes: []
[debug] [2022-04-25T10:54:58.897Z] >>> HTTP REQUEST POST https://www.googleapis.com/oauth2/v3/token  
 <request body omitted>
[debug] [2022-04-25T10:54:59.021Z] <<< HTTP RESPONSE 200 {"date":"Mon, 25 Apr 2022 10:54:59 GMT","pragma":"no-cache","cache-control":"no-cache, no-store, max-age=0, must-revalidate","expires":"Mon, 01 Jan 1990 00:00:00 GMT","content-type":"application/json; charset=utf-8","vary":"X-Origin, Referer, Origin,Accept-Encoding","server":"scaffolding on HTTPServer2","x-xss-protection":"0","x-frame-options":"SAMEORIGIN","x-content-type-options":"nosniff","alt-svc":"h3=\":443\"; ma=2592000,h3-29=\":443\"; ma=2592000,h3-Q050=\":443\"; ma=2592000,h3-Q046=\":443\"; ma=2592000,h3-Q043=\":443\"; ma=2592000,quic=\":443\"; ma=2592000; v=\"46,43\"","accept-ranges":"none","transfer-encoding":"chunked"}
[debug] [2022-04-25T10:54:59.030Z] >>> [apiv2][query] GET https://firebase.googleapis.com/v1beta1/projects/smart-component/adminSdkConfig [none]
[debug] [2022-04-25T10:54:59.310Z] <<< [apiv2][status] GET https://firebase-public.firebaseio.com/cli.json 200
[debug] [2022-04-25T10:54:59.310Z] <<< [apiv2][body] GET https://firebase-public.firebaseio.com/cli.json {"cloudBuildErrorAfter":1594252800000,"cloudBuildWarnAfter":1590019200000,"defaultNode10After":1594252800000,"minVersion":"3.0.5","node8DeploysDisabledAfter":1613390400000,"node8RuntimeDisabledAfter":1615809600000,"node8WarnAfter":1600128000000}
[debug] [2022-04-25T10:54:59.360Z] <<< [apiv2][status] GET https://firebase.googleapis.com/v1beta1/projects/smart-component/adminSdkConfig 200
[debug] [2022-04-25T10:54:59.360Z] <<< [apiv2][body] GET https://firebase.googleapis.com/v1beta1/projects/smart-component/adminSdkConfig {"projectId":"smart-component","storageBucket":"smart-component.appspot.com","locationId":"asia-northeast1"}
[info] i  firestore: Importing data from C:\Users\aknr1\MyApps\smart-component\data\firestore_export\firestore_export.overall_export_metadata {"metadata":{"emulator":{"name":"firestore"},"message":"Importing data from C:\\Users\\aknr1\\MyApps\\smart-component\\data\\firestore_export\\firestore_export.overall_export_metadata"}}
[debug] [2022-04-25T10:54:59.374Z] Ignoring unsupported arg: projectId {"metadata":{"emulator":{"name":"firestore"},"message":"Ignoring unsupported arg: projectId"}}
[debug] [2022-04-25T10:54:59.374Z] Ignoring unsupported arg: auto_download {"metadata":{"emulator":{"name":"firestore"},"message":"Ignoring unsupported arg: auto_download"}}
[debug] [2022-04-25T10:54:59.374Z] Starting Firestore Emulator with command {"binary":"java","args":["-Dgoogle.cloud_firestore.debug_log_level=FINE","-Duser.language=en","-jar","C:\\Users\\aknr1\\.cache\\firebase\\emulators\\cloud-firestore-emulator-v1.13.1.jar","--host","localhost","--port",8080,"--seed_from_export","C:\\Users\\aknr1\\MyApps\\smart-component\\data\\firestore_export\\firestore_export.overall_export_metadata","--rules","C:\\Users\\aknr1\\MyApps\\smart-component\\firestore.rules","--functions_emulator","localhost:5001"],"optionalArgs":["port","webchannel_port","host","rules","functions_emulator","seed_from_export"],"joinArgs":false} {"metadata":{"emulator":{"name":"firestore"},"message":"Starting Firestore Emulator with command {\"binary\":\"java\",\"args\":[\"-Dgoogle.cloud_firestore.debug_log_level=FINE\",\"-Duser.language=en\",\"-jar\",\"C:\\\\Users\\\\aknr1\\\\.cache\\\\firebase\\\\emulators\\\\cloud-firestore-emulator-v1.13.1.jar\",\"--host\",\"localhost\",\"--port\",8080,\"--seed_from_export\",\"C:\\\\Users\\\\aknr1\\\\MyApps\\\\smart-component\\\\data\\\\firestore_export\\\\firestore_export.overall_export_metadata\",\"--rules\",\"C:\\\\Users\\\\aknr1\\\\MyApps\\\\smart-component\\\\firestore.rules\",\"--functions_emulator\",\"localhost:5001\"],\"optionalArgs\":[\"port\",\"webchannel_port\",\"host\",\"rules\",\"functions_emulator\",\"seed_from_export\"],\"joinArgs\":false}"}}
[info] i  firestore: Firestore Emulator logging to firestore-debug.log {"metadata":{"emulator":{"name":"firestore"},"message":"Firestore Emulator logging to \u001b[1mfirestore-debug.log\u001b[22m"}}
[debug] [2022-04-25T10:55:01.083Z] Apr 25, 2022 7:55:01 PM com.google.cloud.datastore.emulator.firestore.websocket.WebSocketServer start
INFO: Started WebSocket server on ws://localhost:64852
 {"metadata":{"emulator":{"name":"firestore"},"message":"Apr 25, 2022 7:55:01 PM com.google.cloud.datastore.emulator.firestore.websocket.WebSocketServer start\r\nINFO: Started WebSocket server on ws://localhost:64852\r\n"}}
[debug] [2022-04-25T10:55:01.134Z] API endpoint: http://localhost:8080
 {"metadata":{"emulator":{"name":"firestore"},"message":"API endpoint: http://localhost:8080\n"}}
[debug] [2022-04-25T10:55:01.135Z] If you are using a library that supports the FIRESTORE_EMULATOR_HOST environment variable, run:

   export FIRESTORE_EMULATOR_HOST=localhost:8080

Dev App Server is now running.

 {"metadata":{"emulator":{"name":"firestore"},"message":"If you are using a library that supports the FIRESTORE_EMULATOR_HOST environment variable, run:\r\n\n   export FIRESTORE_EMULATOR_HOST=localhost:8080\n\nDev App Server is now running.\n\r\n"}}
[info] i  auth: Importing config from C:\Users\aknr1\MyApps\smart-component\data\auth_export\config.json {"metadata":{"emulator":{"name":"database"},"message":"Importing config from C:\\Users\\aknr1\\MyApps\\smart-component\\data\\auth_export\\config.json"}}
[info] i  auth: Importing accounts from C:\Users\aknr1\MyApps\smart-component\data\auth_export\accounts.json {"metadata":{"emulator":{"name":"database"},"message":"Importing accounts from C:\\Users\\aknr1\\MyApps\\smart-component\\data\\auth_export\\accounts.json"}}
[debug] [2022-04-25T10:55:03.503Z] Ignoring unsupported arg: port {"metadata":{"emulator":{"name":"storage"},"message":"Ignoring unsupported arg: port"}}
[debug] [2022-04-25T10:55:03.725Z] Temp file directory for storage emulator: C:\Users\aknr1\AppData\Local\Temp/firebase/storage/blobs {"metadata":{"emulator":{"name":"storage"},"message":"Temp file directory for storage emulator: C:\\Users\\aknr1\\AppData\\Local\\Temp/firebase/storage/blobs"}}
[debug] [2022-04-25T10:55:04.715Z] Ignoring unsupported arg: auto_download {"metadata":{"emulator":{"name":"ui"},"message":"Ignoring unsupported arg: auto_download"}}
[debug] [2022-04-25T10:55:04.716Z] Ignoring unsupported arg: port {"metadata":{"emulator":{"name":"ui"},"message":"Ignoring unsupported arg: port"}}
[debug] [2022-04-25T10:55:04.716Z] Starting Emulator UI with command {"binary":"node","args":["C:\\Users\\aknr1\\.cache\\firebase\\emulators\\ui-v1.6.4\\server.bundle.js"],"optionalArgs":[],"joinArgs":false} {"metadata":{"emulator":{"name":"ui"},"message":"Starting Emulator UI with command {\"binary\":\"node\",\"args\":[\"C:\\\\Users\\\\aknr1\\\\.cache\\\\firebase\\\\emulators\\\\ui-v1.6.4\\\\server.bundle.js\"],\"optionalArgs\":[],\"joinArgs\":false}"}}
[info] i  ui: Emulator UI logging to ui-debug.log {"metadata":{"emulator":{"name":"ui"},"message":"Emulator UI logging to \u001b[1mui-debug.log\u001b[22m"}}
[debug] [2022-04-25T10:55:04.813Z] Web / API server started at localhost:4000
 {"metadata":{"emulator":{"name":"ui"},"message":"Web / API server started at localhost:4000\n"}}
[info] i  functions: Watching "C:\Users\aknr1\MyApps\smart-component\functions" for Cloud Functions... {"metadata":{"emulator":{"name":"functions"},"message":"Watching \"C:\\Users\\aknr1\\MyApps\\smart-component\\functions\" for Cloud Functions..."}}
[debug] [2022-04-25T10:55:04.998Z] [worker-pool] addWorker(~diagnostic~) {"metadata":{"emulator":{"name":"functions"},"message":"[worker-pool] addWorker(~diagnostic~)"}}
[debug] [2022-04-25T10:55:04.999Z] [worker-pool] Adding worker with key ~diagnostic~, total=1 {"metadata":{"emulator":{"name":"functions"},"message":"[worker-pool] Adding worker with key ~diagnostic~, total=1"}}
[debug] [2022-04-25T10:55:04.999Z] [worker-pool] submitWork(triggerId=) {"metadata":{"emulator":{"name":"functions"},"message":"[worker-pool] submitWork(triggerId=)"}}
[debug] [2022-04-25T10:55:04.999Z] [worker-~diagnostic~-2944dd85-d5f6-48d5-962e-0614fbfbd8a8]: Assigning socketPath: \\?\pipe\C:\Users\aknr1\MyApps\smart-component\functions\23236 {"metadata":{"emulator":{"name":"functions"},"message":"[worker-~diagnostic~-2944dd85-d5f6-48d5-962e-0614fbfbd8a8]: Assigning socketPath: \\\\?\\pipe\\C:\\Users\\aknr1\\MyApps\\smart-component\\functions\\23236"}}
[debug] [2022-04-25T10:55:04.999Z] [worker-~diagnostic~-2944dd85-d5f6-48d5-962e-0614fbfbd8a8]: BUSY {"metadata":{"emulator":{"name":"functions"},"message":"[worker-~diagnostic~-2944dd85-d5f6-48d5-962e-0614fbfbd8a8]: BUSY"}}
[debug] [2022-04-25T10:55:05.160Z] [runtime-status] [23236] Functions runtime initialized. {"cwd":"C:\\Users\\aknr1\\MyApps\\smart-component\\functions","node_version":"16.13.1"} {"metadata":{"emulator":{"name":"functions"},"message":"[runtime-status] [23236] Functions runtime initialized. {\"cwd\":\"C:\\\\Users\\\\aknr1\\\\MyApps\\\\smart-component\\\\functions\",\"node_version\":\"16.13.1\"}"}}
[debug] [2022-04-25T10:55:05.161Z] [runtime-status] [23236] Disabled runtime features: undefined {"metadata":{"emulator":{"name":"functions"},"message":"[runtime-status] [23236] Disabled runtime features: undefined"}}
[debug] [2022-04-25T10:55:05.174Z] [runtime-status] [23236] Resolved module firebase-admin {"declared":true,"installed":true,"version":"9.12.0","resolution":"C:\\Users\\aknr1\\MyApps\\smart-component\\functions\\node_modules\\firebase-admin\\lib\\index.js"} {"metadata":{"emulator":{"name":"functions"},"message":"[runtime-status] [23236] Resolved module firebase-admin {\"declared\":true,\"installed\":true,\"version\":\"9.12.0\",\"resolution\":\"C:\\\\Users\\\\aknr1\\\\MyApps\\\\smart-component\\\\functions\\\\node_modules\\\\firebase-admin\\\\lib\\\\index.js\"}"}}
[debug] [2022-04-25T10:55:05.177Z] [runtime-status] [23236] Resolved module firebase-functions {"declared":true,"installed":true,"version":"3.16.0","resolution":"C:\\Users\\aknr1\\MyApps\\smart-component\\functions\\node_modules\\firebase-functions\\lib\\index.js"} {"metadata":{"emulator":{"name":"functions"},"message":"[runtime-status] [23236] Resolved module firebase-functions {\"declared\":true,\"installed\":true,\"version\":\"3.16.0\",\"resolution\":\"C:\\\\Users\\\\aknr1\\\\MyApps\\\\smart-component\\\\functions\\\\node_modules\\\\firebase-functions\\\\lib\\\\index.js\"}"}}
[debug] [2022-04-25T10:55:05.178Z] [runtime-status] [23236] Outgoing network have been stubbed. [{"name":"http","status":"mocked"},{"name":"http","status":"mocked"},{"name":"https","status":"mocked"},{"name":"https","status":"mocked"},{"name":"net","status":"mocked"}] {"metadata":{"emulator":{"name":"functions"},"message":"[runtime-status] [23236] Outgoing network have been stubbed. [{\"name\":\"http\",\"status\":\"mocked\"},{\"name\":\"http\",\"status\":\"mocked\"},{\"name\":\"https\",\"status\":\"mocked\"},{\"name\":\"https\",\"status\":\"mocked\"},{\"name\":\"net\",\"status\":\"mocked\"}]"}}
[debug] [2022-04-25T10:55:05.180Z] [runtime-status] [23236] Resolved module firebase-functions {"declared":true,"installed":true,"version":"3.16.0","resolution":"C:\\Users\\aknr1\\MyApps\\smart-component\\functions\\node_modules\\firebase-functions\\lib\\index.js"} {"metadata":{"emulator":{"name":"functions"},"message":"[runtime-status] [23236] Resolved module firebase-functions {\"declared\":true,\"installed\":true,\"version\":\"3.16.0\",\"resolution\":\"C:\\\\Users\\\\aknr1\\\\MyApps\\\\smart-component\\\\functions\\\\node_modules\\\\firebase-functions\\\\lib\\\\index.js\"}"}}
[debug] [2022-04-25T10:55:05.259Z] [runtime-status] [23236] Checked functions.config() {"config":{}} {"metadata":{"emulator":{"name":"functions"},"message":"[runtime-status] [23236] Checked functions.config() {\"config\":{}}"}}
[debug] [2022-04-25T10:55:05.259Z] [runtime-status] [23236] firebase-functions has been stubbed. {"functionsResolution":{"declared":true,"installed":true,"version":"3.16.0","resolution":"C:\\Users\\aknr1\\MyApps\\smart-component\\functions\\node_modules\\firebase-functions\\lib\\index.js"}} {"metadata":{"emulator":{"name":"functions"},"message":"[runtime-status] [23236] firebase-functions has been stubbed. {\"functionsResolution\":{\"declared\":true,\"installed\":true,\"version\":\"3.16.0\",\"resolution\":\"C:\\\\Users\\\\aknr1\\\\MyApps\\\\smart-component\\\\functions\\\\node_modules\\\\firebase-functions\\\\lib\\\\index.js\"}}"}}
[debug] [2022-04-25T10:55:05.259Z] [runtime-status] [23236] Resolved module firebase-functions {"declared":true,"installed":true,"version":"3.16.0","resolution":"C:\\Users\\aknr1\\MyApps\\smart-component\\functions\\node_modules\\firebase-functions\\lib\\index.js"} {"metadata":{"emulator":{"name":"functions"},"message":"[runtime-status] [23236] Resolved module firebase-functions {\"declared\":true,\"installed\":true,\"version\":\"3.16.0\",\"resolution\":\"C:\\\\Users\\\\aknr1\\\\MyApps\\\\smart-component\\\\functions\\\\node_modules\\\\firebase-functions\\\\lib\\\\index.js\"}"}}
[debug] [2022-04-25T10:55:05.260Z] [runtime-status] [23236] Resolved module firebase-admin {"declared":true,"installed":true,"version":"9.12.0","resolution":"C:\\Users\\aknr1\\MyApps\\smart-component\\functions\\node_modules\\firebase-admin\\lib\\index.js"} {"metadata":{"emulator":{"name":"functions"},"message":"[runtime-status] [23236] Resolved module firebase-admin {\"declared\":true,\"installed\":true,\"version\":\"9.12.0\",\"resolution\":\"C:\\\\Users\\\\aknr1\\\\MyApps\\\\smart-component\\\\functions\\\\node_modules\\\\firebase-admin\\\\lib\\\\index.js\"}"}}
[debug] [2022-04-25T10:55:05.260Z] [runtime-status] [23236] Resolved module firebase-functions {"declared":true,"installed":true,"version":"3.16.0","resolution":"C:\\Users\\aknr1\\MyApps\\smart-component\\functions\\node_modules\\firebase-functions\\lib\\index.js"} {"metadata":{"emulator":{"name":"functions"},"message":"[runtime-status] [23236] Resolved module firebase-functions {\"declared\":true,\"installed\":true,\"version\":\"3.16.0\",\"resolution\":\"C:\\\\Users\\\\aknr1\\\\MyApps\\\\smart-component\\\\functions\\\\node_modules\\\\firebase-functions\\\\lib\\\\index.js\"}"}}
[debug] [2022-04-25T10:55:05.261Z] [runtime-status] [23236] firebase-admin has been stubbed. {"adminResolution":{"declared":true,"installed":true,"version":"9.12.0","resolution":"C:\\Users\\aknr1\\MyApps\\smart-component\\functions\\node_modules\\firebase-admin\\lib\\index.js"}} {"metadata":{"emulator":{"name":"functions"},"message":"[runtime-status] [23236] firebase-admin has been stubbed. {\"adminResolution\":{\"declared\":true,\"installed\":true,\"version\":\"9.12.0\",\"resolution\":\"C:\\\\Users\\\\aknr1\\\\MyApps\\\\smart-component\\\\functions\\\\node_modules\\\\firebase-admin\\\\lib\\\\index.js\"}}"}}
[info] +  functions[us-central1-helloWorld]: http function initialized (http://localhost:5001/smart-component/us-central1/helloWorld). {"metadata":{"emulator":{"name":"functions"},"message":"\u001b[1mhttp\u001b[22m function initialized (http://localhost:5001/smart-component/us-central1/helloWorld)."}}
[info] 
┌─────────────────────────────────────────────────────────────┐
│ ✔  All emulators ready! It is now safe to connect your app. │
│ i  View Emulator UI at http://localhost:4000                │
└─────────────────────────────────────────────────────────────┘

┌────────────────┬────────────────┬─────────────────────────────────┐
│ Emulator       │ Host:Port      │ View in Emulator UI             │
├────────────────┼────────────────┼─────────────────────────────────┤
│ Authentication │ localhost:9099 │ http://localhost:4000/auth      │
├────────────────┼────────────────┼─────────────────────────────────┤
│ Functions      │ localhost:5001 │ http://localhost:4000/functions │
├────────────────┼────────────────┼─────────────────────────────────┤
│ Firestore      │ localhost:8080 │ http://localhost:4000/firestore │
├────────────────┼────────────────┼─────────────────────────────────┤
│ Storage        │ localhost:9199 │ http://localhost:4000/storage   │
└────────────────┴────────────────┴─────────────────────────────────┘
  Emulator Hub running at localhost:4400
  Other reserved ports: 4500

Issues? Report them at https://github.com/firebase/firebase-tools/issues and attach the *-debug.log files.
 
[debug] [2022-04-25T10:55:05.275Z] [worker-~diagnostic~-2944dd85-d5f6-48d5-962e-0614fbfbd8a8]: IDLE {"metadata":{"emulator":{"name":"functions"},"message":"[worker-~diagnostic~-2944dd85-d5f6-48d5-962e-0614fbfbd8a8]: IDLE"}}
[debug] [2022-04-25T11:13:36.366Z] Apr 25, 2022 8:13:36 PM io.gapi.emulators.netty.HttpVersionRoutingHandler channelRead
INFO: Detected non-HTTP/2 connection.
 {"metadata":{"emulator":{"name":"firestore"},"message":"Apr 25, 2022 8:13:36 PM io.gapi.emulators.netty.HttpVersionRoutingHandler channelRead\r\nINFO: Detected non-HTTP/2 connection.\r\n"}}
[debug] [2022-04-25T11:13:37.101Z] Apr 25, 2022 8:13:37 PM com.google.cloud.datastore.emulator.firestore.websocket.WebSocketChannelHandler initChannel
INFO: Connected to new websocket client
 {"metadata":{"emulator":{"name":"firestore"},"message":"Apr 25, 2022 8:13:37 PM com.google.cloud.datastore.emulator.firestore.websocket.WebSocketChannelHandler initChannel\r\nINFO: Connected to new websocket client\r\n"}}
[debug] [2022-04-25T11:13:41.901Z] Apr 25, 2022 8:13:41 PM io.gapi.emulators.netty.HttpVersionRoutingHandler channelRead
INFO: Detected non-HTTP/2 connection.
 {"metadata":{"emulator":{"name":"firestore"},"message":"Apr 25, 2022 8:13:41 PM io.gapi.emulators.netty.HttpVersionRoutingHandler channelRead\r\nINFO: Detected non-HTTP/2 connection.\r\n"}}
[debug] [2022-04-25T11:13:52.347Z] Apr 25, 2022 8:13:52 PM io.gapi.emulators.netty.HttpVersionRoutingHandler channelRead
INFO: Detected HTTP/2 connection.
 {"metadata":{"emulator":{"name":"firestore"},"message":"Apr 25, 2022 8:13:52 PM io.gapi.emulators.netty.HttpVersionRoutingHandler channelRead\r\nINFO: Detected HTTP/2 connection.\r\n"}}
